<?xml version="1.0" encoding="UTF-8"?>
<testng-results skipped="0" failed="2" total="7" passed="5">
  <reporter-output>
  </reporter-output>
  <suite name="Default suite" duration-ms="91313" started-at="2019-12-03T07:38:42Z" finished-at="2019-12-03T07:40:13Z">
    <groups>
    </groups>
    <test name="Default test" duration-ms="91313" started-at="2019-12-03T07:38:42Z" finished-at="2019-12-03T07:40:13Z">
      <class name="com.Facebook.testScripts.LoginPageTest">
        <test-method status="PASS" signature="openBrowser()[pri:0, instance:com.Facebook.testScripts.LoginPageTest@3ffc5af1]" name="openBrowser" is-config="true" duration-ms="9144" started-at="2019-12-03T13:08:42Z" finished-at="2019-12-03T13:08:51Z">
          <reporter-output>
          </reporter-output>
        </test-method> <!-- openBrowser -->
        <test-method status="PASS" signature="setup()[pri:0, instance:com.Facebook.testScripts.LoginPageTest@3ffc5af1]" name="setup" is-config="true" duration-ms="76" started-at="2019-12-03T13:08:51Z" finished-at="2019-12-03T13:08:51Z">
          <reporter-output>
          </reporter-output>
        </test-method> <!-- setup -->
        <test-method status="PASS" signature="loginPagetitleTest()[pri:1, instance:com.Facebook.testScripts.LoginPageTest@3ffc5af1]" name="loginPagetitleTest" duration-ms="99" started-at="2019-12-03T13:08:51Z" finished-at="2019-12-03T13:08:51Z">
          <reporter-output>
          </reporter-output>
        </test-method> <!-- loginPagetitleTest -->
        <test-method status="PASS" signature="closeBrowser()[pri:0, instance:com.Facebook.testScripts.LoginPageTest@3ffc5af1]" name="closeBrowser" is-config="true" duration-ms="2181" started-at="2019-12-03T13:08:51Z" finished-at="2019-12-03T13:08:53Z">
          <reporter-output>
          </reporter-output>
        </test-method> <!-- closeBrowser -->
        <test-method status="PASS" signature="openBrowser()[pri:0, instance:com.Facebook.testScripts.LoginPageTest@3ffc5af1]" name="openBrowser" is-config="true" duration-ms="6968" started-at="2019-12-03T13:08:53Z" finished-at="2019-12-03T13:09:00Z">
          <reporter-output>
          </reporter-output>
        </test-method> <!-- openBrowser -->
        <test-method status="PASS" signature="setup()[pri:0, instance:com.Facebook.testScripts.LoginPageTest@3ffc5af1]" name="setup" is-config="true" duration-ms="3" started-at="2019-12-03T13:09:00Z" finished-at="2019-12-03T13:09:00Z">
          <reporter-output>
          </reporter-output>
        </test-method> <!-- setup -->
        <test-method status="FAIL" signature="fbLogoImgTest()[pri:2, instance:com.Facebook.testScripts.LoginPageTest@3ffc5af1]" name="fbLogoImgTest" duration-ms="10067" started-at="2019-12-03T13:09:00Z" finished-at="2019-12-03T13:09:11Z">
          <exception class="org.openqa.selenium.NoSuchElementException">
            <message>
              <![CDATA[no such element: Unable to locate element: {"method":"xpath","selector":"//*[@class='fb_logo img sp_FNo-BRNXnCI sx_47caa9']"}
  (Session info: chrome=78.0.3904.108)
For documentation on this error, please visit: https://www.seleniumhq.org/exceptions/no_such_element.html
Build info: version: '3.141.59', revision: 'e82be7d358', time: '2018-11-14T08:25:53'
System info: host: 'PRANGYA', ip: '192.168.0.29', os.name: 'Windows 7', os.arch: 'amd64', os.version: '6.1', java.version: '1.8.0_172'
Driver info: org.openqa.selenium.chrome.ChromeDriver
Capabilities {acceptInsecureCerts: false, browserName: chrome, browserVersion: 78.0.3904.108, chrome: {chromedriverVersion: 78.0.3904.70 (edb9c9f3de024..., userDataDir: C:\Users\KUNU\AppData\Local...}, goog:chromeOptions: {debuggerAddress: localhost:51985}, javascriptEnabled: true, networkConnectionEnabled: false, pageLoadStrategy: normal, platform: XP, platformName: XP, proxy: Proxy(), setWindowRect: true, strictFileInteractability: false, timeouts: {implicit: 0, pageLoad: 300000, script: 30000}, unhandledPromptBehavior: dismiss and notify}
Session ID: caaa7b420db9c00a336d4e56e17f33a0
*** Element info: {Using=xpath, value=//*[@class='fb_logo img sp_FNo-BRNXnCI sx_47caa9']}]]>
            </message>
            <full-stacktrace>
              <![CDATA[org.openqa.selenium.NoSuchElementException: no such element: Unable to locate element: {"method":"xpath","selector":"//*[@class='fb_logo img sp_FNo-BRNXnCI sx_47caa9']"}
  (Session info: chrome=78.0.3904.108)
For documentation on this error, please visit: https://www.seleniumhq.org/exceptions/no_such_element.html
Build info: version: '3.141.59', revision: 'e82be7d358', time: '2018-11-14T08:25:53'
System info: host: 'PRANGYA', ip: '192.168.0.29', os.name: 'Windows 7', os.arch: 'amd64', os.version: '6.1', java.version: '1.8.0_172'
Driver info: org.openqa.selenium.chrome.ChromeDriver
Capabilities {acceptInsecureCerts: false, browserName: chrome, browserVersion: 78.0.3904.108, chrome: {chromedriverVersion: 78.0.3904.70 (edb9c9f3de024..., userDataDir: C:\Users\KUNU\AppData\Local...}, goog:chromeOptions: {debuggerAddress: localhost:51985}, javascriptEnabled: true, networkConnectionEnabled: false, pageLoadStrategy: normal, platform: XP, platformName: XP, proxy: Proxy(), setWindowRect: true, strictFileInteractability: false, timeouts: {implicit: 0, pageLoad: 300000, script: 30000}, unhandledPromptBehavior: dismiss and notify}
Session ID: caaa7b420db9c00a336d4e56e17f33a0
*** Element info: {Using=xpath, value=//*[@class='fb_logo img sp_FNo-BRNXnCI sx_47caa9']}
	at sun.reflect.NativeConstructorAccessorImpl.newInstance0(Native Method)
	at sun.reflect.NativeConstructorAccessorImpl.newInstance(NativeConstructorAccessorImpl.java:62)
	at sun.reflect.DelegatingConstructorAccessorImpl.newInstance(DelegatingConstructorAccessorImpl.java:45)
	at java.lang.reflect.Constructor.newInstance(Constructor.java:423)
	at org.openqa.selenium.remote.http.W3CHttpResponseCodec.createException(W3CHttpResponseCodec.java:187)
	at org.openqa.selenium.remote.http.W3CHttpResponseCodec.decode(W3CHttpResponseCodec.java:122)
	at org.openqa.selenium.remote.http.W3CHttpResponseCodec.decode(W3CHttpResponseCodec.java:49)
	at org.openqa.selenium.remote.HttpCommandExecutor.execute(HttpCommandExecutor.java:158)
	at org.openqa.selenium.remote.service.DriverCommandExecutor.execute(DriverCommandExecutor.java:83)
	at org.openqa.selenium.remote.RemoteWebDriver.execute(RemoteWebDriver.java:552)
	at org.openqa.selenium.remote.RemoteWebDriver.findElement(RemoteWebDriver.java:323)
	at org.openqa.selenium.remote.RemoteWebDriver.findElementByXPath(RemoteWebDriver.java:428)
	at org.openqa.selenium.By$ByXPath.findElement(By.java:353)
	at org.openqa.selenium.remote.RemoteWebDriver.findElement(RemoteWebDriver.java:315)
	at org.openqa.selenium.support.pagefactory.DefaultElementLocator.findElement(DefaultElementLocator.java:69)
	at org.openqa.selenium.support.pagefactory.internal.LocatingElementHandler.invoke(LocatingElementHandler.java:38)
	at com.sun.proxy.$Proxy9.isDisplayed(Unknown Source)
	at com.Facebook.objectPage.LoginPage.validateFbImage(LoginPage.java:43)
	at com.Facebook.testScripts.LoginPageTest.fbLogoImgTest(LoginPageTest.java:32)
	at sun.reflect.NativeMethodAccessorImpl.invoke0(Native Method)
	at sun.reflect.NativeMethodAccessorImpl.invoke(NativeMethodAccessorImpl.java:62)
	at sun.reflect.DelegatingMethodAccessorImpl.invoke(DelegatingMethodAccessorImpl.java:43)
	at java.lang.reflect.Method.invoke(Method.java:498)
	at org.testng.internal.MethodInvocationHelper.invokeMethod(MethodInvocationHelper.java:100)
	at org.testng.internal.Invoker.invokeMethod(Invoker.java:646)
	at org.testng.internal.Invoker.invokeTestMethod(Invoker.java:811)
	at org.testng.internal.Invoker.invokeTestMethods(Invoker.java:1137)
	at org.testng.internal.TestMethodWorker.invokeTestMethods(TestMethodWorker.java:129)
	at org.testng.internal.TestMethodWorker.run(TestMethodWorker.java:112)
	at org.testng.TestRunner.privateRun(TestRunner.java:753)
	at org.testng.TestRunner.run(TestRunner.java:607)
	at org.testng.SuiteRunner.runTest(SuiteRunner.java:368)
	at org.testng.SuiteRunner.runSequentially(SuiteRunner.java:363)
	at org.testng.SuiteRunner.privateRun(SuiteRunner.java:321)
	at org.testng.SuiteRunner.run(SuiteRunner.java:270)
	at org.testng.SuiteRunnerWorker.runSuite(SuiteRunnerWorker.java:52)
	at org.testng.SuiteRunnerWorker.run(SuiteRunnerWorker.java:86)
	at org.testng.TestNG.runSuitesSequentially(TestNG.java:1284)
	at org.testng.TestNG.runSuitesLocally(TestNG.java:1209)
	at org.testng.TestNG.runSuites(TestNG.java:1124)
	at org.testng.TestNG.run(TestNG.java:1096)
	at org.testng.remote.AbstractRemoteTestNG.run(AbstractRemoteTestNG.java:132)
	at org.testng.remote.RemoteTestNG.initAndRun(RemoteTestNG.java:236)
	at org.testng.remote.RemoteTestNG.main(RemoteTestNG.java:81)
]]>
            </full-stacktrace>
          </exception> <!-- org.openqa.selenium.NoSuchElementException -->
          <reporter-output>
          </reporter-output>
        </test-method> <!-- fbLogoImgTest -->
        <test-method status="PASS" signature="closeBrowser()[pri:0, instance:com.Facebook.testScripts.LoginPageTest@3ffc5af1]" name="closeBrowser" is-config="true" duration-ms="2111" started-at="2019-12-03T13:09:11Z" finished-at="2019-12-03T13:09:13Z">
          <reporter-output>
          </reporter-output>
        </test-method> <!-- closeBrowser -->
        <test-method status="PASS" signature="openBrowser()[pri:0, instance:com.Facebook.testScripts.LoginPageTest@3ffc5af1]" name="openBrowser" is-config="true" duration-ms="6949" started-at="2019-12-03T13:09:13Z" finished-at="2019-12-03T13:09:20Z">
          <reporter-output>
          </reporter-output>
        </test-method> <!-- openBrowser -->
        <test-method status="PASS" signature="setup()[pri:0, instance:com.Facebook.testScripts.LoginPageTest@3ffc5af1]" name="setup" is-config="true" duration-ms="3" started-at="2019-12-03T13:09:20Z" finished-at="2019-12-03T13:09:20Z">
          <reporter-output>
          </reporter-output>
        </test-method> <!-- setup -->
        <test-method status="PASS" signature="validLoginTest()[pri:3, instance:com.Facebook.testScripts.LoginPageTest@3ffc5af1]" name="validLoginTest" duration-ms="1216" started-at="2019-12-03T13:09:20Z" finished-at="2019-12-03T13:09:21Z">
          <reporter-output>
          </reporter-output>
        </test-method> <!-- validLoginTest -->
        <test-method status="PASS" signature="closeBrowser()[pri:0, instance:com.Facebook.testScripts.LoginPageTest@3ffc5af1]" name="closeBrowser" is-config="true" duration-ms="2425" started-at="2019-12-03T13:09:21Z" finished-at="2019-12-03T13:09:23Z">
          <reporter-output>
          </reporter-output>
        </test-method> <!-- closeBrowser -->
        <test-method status="PASS" signature="openBrowser()[pri:0, instance:com.Facebook.testScripts.LoginPageTest@3ffc5af1]" name="openBrowser" is-config="true" duration-ms="8386" started-at="2019-12-03T13:09:23Z" finished-at="2019-12-03T13:09:32Z">
          <reporter-output>
          </reporter-output>
        </test-method> <!-- openBrowser -->
        <test-method status="PASS" signature="setup()[pri:0, instance:com.Facebook.testScripts.LoginPageTest@3ffc5af1]" name="setup" is-config="true" duration-ms="4" started-at="2019-12-03T13:09:32Z" finished-at="2019-12-03T13:09:32Z">
          <reporter-output>
          </reporter-output>
        </test-method> <!-- setup -->
        <test-method status="FAIL" signature="loginValidBackTest()[pri:4, instance:com.Facebook.testScripts.LoginPageTest@3ffc5af1]" name="loginValidBackTest" duration-ms="1357" started-at="2019-12-03T13:09:32Z" finished-at="2019-12-03T13:09:33Z">
          <exception class="java.lang.AssertionError">
            <message>
              <![CDATA[Homepage title not matched expected [Facebook] but found []]]>
            </message>
            <full-stacktrace>
              <![CDATA[java.lang.AssertionError: Homepage title not matched expected [Facebook] but found []
	at org.testng.Assert.fail(Assert.java:94)
	at org.testng.Assert.failNotEquals(Assert.java:513)
	at org.testng.Assert.assertEqualsImpl(Assert.java:135)
	at org.testng.Assert.assertEquals(Assert.java:116)
	at org.testng.Assert.assertEquals(Assert.java:190)
	at com.Facebook.testScripts.LoginPageTest.loginValidBackTest(LoginPageTest.java:47)
	at sun.reflect.NativeMethodAccessorImpl.invoke0(Native Method)
	at sun.reflect.NativeMethodAccessorImpl.invoke(NativeMethodAccessorImpl.java:62)
	at sun.reflect.DelegatingMethodAccessorImpl.invoke(DelegatingMethodAccessorImpl.java:43)
	at java.lang.reflect.Method.invoke(Method.java:498)
	at org.testng.internal.MethodInvocationHelper.invokeMethod(MethodInvocationHelper.java:100)
	at org.testng.internal.Invoker.invokeMethod(Invoker.java:646)
	at org.testng.internal.Invoker.invokeTestMethod(Invoker.java:811)
	at org.testng.internal.Invoker.invokeTestMethods(Invoker.java:1137)
	at org.testng.internal.TestMethodWorker.invokeTestMethods(TestMethodWorker.java:129)
	at org.testng.internal.TestMethodWorker.run(TestMethodWorker.java:112)
	at org.testng.TestRunner.privateRun(TestRunner.java:753)
	at org.testng.TestRunner.run(TestRunner.java:607)
	at org.testng.SuiteRunner.runTest(SuiteRunner.java:368)
	at org.testng.SuiteRunner.runSequentially(SuiteRunner.java:363)
	at org.testng.SuiteRunner.privateRun(SuiteRunner.java:321)
	at org.testng.SuiteRunner.run(SuiteRunner.java:270)
	at org.testng.SuiteRunnerWorker.runSuite(SuiteRunnerWorker.java:52)
	at org.testng.SuiteRunnerWorker.run(SuiteRunnerWorker.java:86)
	at org.testng.TestNG.runSuitesSequentially(TestNG.java:1284)
	at org.testng.TestNG.runSuitesLocally(TestNG.java:1209)
	at org.testng.TestNG.runSuites(TestNG.java:1124)
	at org.testng.TestNG.run(TestNG.java:1096)
	at org.testng.remote.AbstractRemoteTestNG.run(AbstractRemoteTestNG.java:132)
	at org.testng.remote.RemoteTestNG.initAndRun(RemoteTestNG.java:236)
	at org.testng.remote.RemoteTestNG.main(RemoteTestNG.java:81)
]]>
            </full-stacktrace>
          </exception> <!-- java.lang.AssertionError -->
          <reporter-output>
          </reporter-output>
        </test-method> <!-- loginValidBackTest -->
        <test-method status="PASS" signature="closeBrowser()[pri:0, instance:com.Facebook.testScripts.LoginPageTest@3ffc5af1]" name="closeBrowser" is-config="true" duration-ms="2238" started-at="2019-12-03T13:09:33Z" finished-at="2019-12-03T13:09:35Z">
          <reporter-output>
          </reporter-output>
        </test-method> <!-- closeBrowser -->
        <test-method status="PASS" signature="openBrowser()[pri:0, instance:com.Facebook.testScripts.LoginPageTest@3ffc5af1]" name="openBrowser" is-config="true" duration-ms="7974" started-at="2019-12-03T13:09:35Z" finished-at="2019-12-03T13:09:43Z">
          <reporter-output>
          </reporter-output>
        </test-method> <!-- openBrowser -->
        <test-method status="PASS" signature="setup()[pri:0, instance:com.Facebook.testScripts.LoginPageTest@3ffc5af1]" name="setup" is-config="true" duration-ms="1" started-at="2019-12-03T13:09:43Z" finished-at="2019-12-03T13:09:43Z">
          <reporter-output>
          </reporter-output>
        </test-method> <!-- setup -->
        <test-method status="PASS" signature="invalidLoginTest()[pri:5, instance:com.Facebook.testScripts.LoginPageTest@3ffc5af1]" name="invalidLoginTest" duration-ms="5345" started-at="2019-12-03T13:09:43Z" finished-at="2019-12-03T13:09:49Z">
          <reporter-output>
          </reporter-output>
        </test-method> <!-- invalidLoginTest -->
        <test-method status="PASS" signature="closeBrowser()[pri:0, instance:com.Facebook.testScripts.LoginPageTest@3ffc5af1]" name="closeBrowser" is-config="true" duration-ms="2356" started-at="2019-12-03T13:09:49Z" finished-at="2019-12-03T13:09:51Z">
          <reporter-output>
          </reporter-output>
        </test-method> <!-- closeBrowser -->
        <test-method status="PASS" signature="openBrowser()[pri:0, instance:com.Facebook.testScripts.LoginPageTest@3ffc5af1]" name="openBrowser" is-config="true" duration-ms="7301" started-at="2019-12-03T13:09:51Z" finished-at="2019-12-03T13:09:58Z">
          <reporter-output>
          </reporter-output>
        </test-method> <!-- openBrowser -->
        <test-method status="PASS" signature="setup()[pri:0, instance:com.Facebook.testScripts.LoginPageTest@3ffc5af1]" name="setup" is-config="true" duration-ms="1" started-at="2019-12-03T13:09:58Z" finished-at="2019-12-03T13:09:58Z">
          <reporter-output>
          </reporter-output>
        </test-method> <!-- setup -->
        <test-method status="PASS" signature="loginInvalidBlankTest()[pri:6, instance:com.Facebook.testScripts.LoginPageTest@3ffc5af1]" name="loginInvalidBlankTest" duration-ms="2014" started-at="2019-12-03T13:09:58Z" finished-at="2019-12-03T13:10:00Z">
          <reporter-output>
          </reporter-output>
        </test-method> <!-- loginInvalidBlankTest -->
        <test-method status="PASS" signature="closeBrowser()[pri:0, instance:com.Facebook.testScripts.LoginPageTest@3ffc5af1]" name="closeBrowser" is-config="true" duration-ms="2217" started-at="2019-12-03T13:10:00Z" finished-at="2019-12-03T13:10:02Z">
          <reporter-output>
          </reporter-output>
        </test-method> <!-- closeBrowser -->
        <test-method status="PASS" signature="openBrowser()[pri:0, instance:com.Facebook.testScripts.LoginPageTest@3ffc5af1]" name="openBrowser" is-config="true" duration-ms="7819" started-at="2019-12-03T13:10:02Z" finished-at="2019-12-03T13:10:10Z">
          <reporter-output>
          </reporter-output>
        </test-method> <!-- openBrowser -->
        <test-method status="PASS" signature="setup()[pri:0, instance:com.Facebook.testScripts.LoginPageTest@3ffc5af1]" name="setup" is-config="true" duration-ms="1" started-at="2019-12-03T13:10:10Z" finished-at="2019-12-03T13:10:10Z">
          <reporter-output>
          </reporter-output>
        </test-method> <!-- setup -->
        <test-method status="PASS" signature="loginInvalidBlankPasswordTest()[pri:7, instance:com.Facebook.testScripts.LoginPageTest@3ffc5af1]" name="loginInvalidBlankPasswordTest" duration-ms="817" started-at="2019-12-03T13:10:10Z" finished-at="2019-12-03T13:10:11Z">
          <reporter-output>
          </reporter-output>
        </test-method> <!-- loginInvalidBlankPasswordTest -->
        <test-method status="PASS" signature="closeBrowser()[pri:0, instance:com.Facebook.testScripts.LoginPageTest@3ffc5af1]" name="closeBrowser" is-config="true" duration-ms="2166" started-at="2019-12-03T13:10:11Z" finished-at="2019-12-03T13:10:13Z">
          <reporter-output>
          </reporter-output>
        </test-method> <!-- closeBrowser -->
      </class> <!-- com.Facebook.testScripts.LoginPageTest -->
    </test> <!-- Default test -->
  </suite> <!-- Default suite -->
</testng-results>
